<?xml version="1.0" encoding="UTF-8"?>
<!-- Generated by org.testng.reporters.JUnitReportReporter -->
<testsuite hostname="DESKTOP-K1IJUS5" failures="0" tests="5" name="com.tests.runners.Runners" time="25.062" errors="0" timestamp="2024-06-27T17:40:22 EDT" skipped="0">
  <testcase classname="com.tests.runners.Runners" name="runScenario" time="4.201"/>
  <system-out/>
  <testcase classname="com.tests.runners.Runners" name="runScenario" time="3.692"/>
  <system-out/>
  <testcase classname="com.tests.runners.Runners" name="runScenario" time="3.407"/>
  <system-out/>
  <testcase classname="com.tests.runners.Runners" name="runScenario" time="10.335"/>
  <system-out/>
  <testcase classname="com.tests.runners.Runners" name="runScenario" time="3.427"/>
  <system-out/>
</testsuite> <!-- com.tests.runners.Runners -->
